Generating claim 36-233 for AARTI  AGRAWAL on 2015-04-22 12:02.
*** Billing facility has no NPI.
*** Error: Insurance information is missing!
*** This claim has no charges!
*** Rendering provider has no NPI.

Generating claim 38-234 for ABDUL  REHMNA on 2015-04-22 12:02.
*** Billing facility has no NPI.
*** Error: Insurance information is missing!
*** This claim has no charges!
*** Rendering provider has no NPI.

Generating claim 34-235 for ABHAY  ANAND on 2015-04-22 12:02.
*** Billing facility has no NPI.
*** Error: Insurance information is missing!
*** This claim has no charges!
*** Rendering provider has no NPI.

Generating claim 36-233 for AARTI  AGRAWAL on 2015-04-22 12:02.
*** Billing facility has no NPI.
*** Error: Insurance information is missing!
*** This claim has no charges!
*** Rendering provider has no NPI.

Generating claim 38-234 for ABDUL  REHMNA on 2015-04-22 12:02.
*** Billing facility has no NPI.
*** Error: Insurance information is missing!
*** This claim has no charges!
*** Rendering provider has no NPI.

Generating claim 34-235 for ABHAY  ANAND on 2015-04-22 12:15.
*** Billing facility has no NPI.
*** Error: Insurance information is missing!
*** This claim has no charges!
*** Rendering provider has no NPI.

Generating HCFA claim 36-233 for AARTI  AGRAWAL on 2015-04-22 15:24.

Generating HCFA claim 36-233 for AARTI  AGRAWAL on 2015-04-22 15:24.

Generating HCFA claim 37-238 for ANKUR  SHARMA on 2015-04-22 15:27.

Generating HCFA claim 15-244 for PRATEEK  KUMAR on 2015-04-23 16:37.

Generating claim 19002-35362 for JAGDESH   on 2016-06-23 11:12.
*** Billing facility has no NPI.
*** Error: Insurance information is missing!
*** Rendering provider has no NPI.
*** Procedure 'GENERAL' is not justified!
*** Procedure 'GENERAL NURSE' is not justified!

Generating HCFA claim 19002-35362 for JAGDESH   on 2016-06-23 11:22.
*** Procedure 'GENERAL' is not justified!
*** Procedure 'GENERAL NURSE' is not justified!

Generating claim 19002-35362 for JAGDESH   on 2016-06-23 11:22.
*** Billing facility has no NPI.
*** Error: Insurance information is missing!
*** Rendering provider has no NPI.
*** Procedure 'GENERAL' is not justified!
*** Procedure 'GENERAL NURSE' is not justified!

Generating HCFA claim 19002-35362 for JAGDESH   on 2016-06-23 11:22.
*** Procedure 'GENERAL' is not justified!
*** Procedure 'GENERAL NURSE' is not justified!

Generating HCFA claim 19002-35362 for JAGDESH   on 2016-06-23 11:23.
*** Procedure 'GENERAL' is not justified!
*** Procedure 'GENERAL NURSE' is not justified!

